Using pre-set license
Built from '2020.2/staging' branch; Version is '2020.2.3f1 (8ff31bc5bf5b) revision 9433883'; Using compiler version '192528614'; Build Type 'Release'
OS: 'Windows 10 Pro; OS build 19042.1165; Version 2009; 64bit' Language: 'en' Physical Memory: 32699 MB
BatchMode: 1, IsHumanControllingUs: 0, StartBugReporterOnCrash: 0, Is64bit: 1, IsPro: 0

 COMMAND LINE ARGUMENTS:
C:\Program Files\Unity\Hub\Editor\2020.2.3f1\Editor\Unity.exe
-adb2
-batchMode
-noUpm
-name
AssetImportWorker0
-projectPath
D:/GitHub/ex_1/ex_1
-logFile
Logs/AssetImportWorker0.log
-srvPort
60154
Successfully changed project path to: D:/GitHub/ex_1/ex_1
D:/GitHub/ex_1/ex_1
Using Asset Import Pipeline V2.
Refreshing native plugins compatible for Editor in 17.87 ms, found 0 plugins.
Preloading 0 native plugins for Editor in 0.00 ms.
Initialize engine version: 2020.2.3f1 (8ff31bc5bf5b)
[Subsystems] Discovering subsystems at path C:/Program Files/Unity/Hub/Editor/2020.2.3f1/Editor/Data/Resources/UnitySubsystems
[Subsystems] Discovering subsystems at path D:/GitHub/ex_1/ex_1/Assets
GfxDevice: creating device client; threaded=0
Direct3D:
    Version:  Direct3D 11.0 [level 11.1]
    Renderer: NVIDIA GeForce RTX 2080 Ti (ID=0x1e07)
    Vendor:   
    VRAM:     11048 MB
    Driver:   30.0.14.7141
Initialize mono
Mono path[0] = 'C:/Program Files/Unity/Hub/Editor/2020.2.3f1/Editor/Data/Managed'
Mono path[1] = 'C:/Program Files/Unity/Hub/Editor/2020.2.3f1/Editor/Data/MonoBleedingEdge/lib/mono/unityjit'
Mono config path = 'C:/Program Files/Unity/Hub/Editor/2020.2.3f1/Editor/Data/MonoBleedingEdge/etc'
Using monoOptions --debugger-agent=transport=dt_socket,embedding=1,server=y,suspend=n,address=127.0.0.1:56212
Begin MonoManager ReloadAssembly
Registering precompiled unity dll's ...
Register platform support module: C:/Program Files/Unity/Hub/Editor/2020.2.3f1/Editor/Data/PlaybackEngines/WindowsStandaloneSupport/UnityEditor.WindowsStandalone.Extensions.dll
Registered in 0.001673 seconds.
Native extension for WindowsStandalone target not found
Refreshing native plugins compatible for Editor in 16.86 ms, found 0 plugins.
Preloading 0 native plugins for Editor in 0.00 ms.
Invoked RoslynAnalysisRunner static constructor.
RoslynAnalysisRunner will not be running.
RoslynAnalysisRunner has terminated.
Mono: successfully reloaded assembly
- Completed reload, in  0.851 seconds
Platform modules already initialized, skipping
Registering precompiled user dll's ...
Registered in 0.000372 seconds.
Begin MonoManager ReloadAssembly
Native extension for WindowsStandalone target not found
Refreshing native plugins compatible for Editor in 0.17 ms, found 0 plugins.
Preloading 0 native plugins for Editor in 0.00 ms.
Invoked RoslynAnalysisRunner static constructor.
RoslynAnalysisRunner will not be running.
RoslynAnalysisRunner has terminated.
Mono: successfully reloaded assembly
- Completed reload, in  0.595 seconds
Platform modules already initialized, skipping
========================================================================
Worker process is ready to serve import requests
Launched and connected shader compiler UnityShaderCompiler.exe after 0.04 seconds
Refreshing native plugins compatible for Editor in 0.17 ms, found 0 plugins.
Preloading 0 native plugins for Editor in 0.00 ms.
Unloading 1134 Unused Serialized files (Serialized files now loaded: 0)
System memory in use before: 57.5 MB.
System memory in use after: 57.5 MB.

Unloading 10 unused Assets to reduce memory usage. Loaded Objects now: 1576.
Total: 5.389000 ms (FindLiveObjects: 0.373300 ms CreateObjectMapping: 0.134000 ms MarkObjects: 4.619500 ms  DeleteObjects: 0.258500 ms)

========================================================================
Received Import Request.
  path: Assets/Scripts/Gameplay/Obstacles/ObstacleData.cs
  artifactKey: Guid(d7df5869900a4857b6afd6e20c9182e3) Importer(815301076,1909f56bfc062723c751e8b465ee728b)
Start importing Assets/Scripts/Gameplay/Obstacles/ObstacleData.cs using Guid(d7df5869900a4857b6afd6e20c9182e3) Importer(815301076,1909f56bfc062723c751e8b465ee728b)  -> (artifact id: '25724608de22b80fe11d509a5016c594') in 0.032237 seconds
  Import took 0.053738 seconds .

========================================================================
Received Import Request.
  Time since last request: 0.000911 seconds.
  path: Assets/Scripts/Gameplay/Obstacles/ObstacleFactory.cs
  artifactKey: Guid(37fabfe6e8a14f3d87d5cf1ade9102b0) Importer(815301076,1909f56bfc062723c751e8b465ee728b)
Start importing Assets/Scripts/Gameplay/Obstacles/ObstacleFactory.cs using Guid(37fabfe6e8a14f3d87d5cf1ade9102b0) Importer(815301076,1909f56bfc062723c751e8b465ee728b)  -> (artifact id: '3ae76a397474f7e29b408a3ba2fa40ef') in 0.010412 seconds
  Import took 0.013970 seconds .

========================================================================
Received Import Request.
  Time since last request: 2.874626 seconds.
  path: Assets/Scripts/Gameplay/Obstacles/EnemyShipObstacleFactory.cs
  artifactKey: Guid(5fc0d7791b57416c9e3ca83d8bd31de8) Importer(815301076,1909f56bfc062723c751e8b465ee728b)
Start importing Assets/Scripts/Gameplay/Obstacles/EnemyShipObstacleFactory.cs using Guid(5fc0d7791b57416c9e3ca83d8bd31de8) Importer(815301076,1909f56bfc062723c751e8b465ee728b)  -> (artifact id: '0150840b7a9db8d04ac7c71e65c33378') in 0.004576 seconds
  Import took 0.006244 seconds .

========================================================================
Received Import Request.
  Time since last request: 0.000535 seconds.
  path: Assets/Scripts/Gameplay/Obstacles/EnemyShipObstacleFactory.cs
  artifactKey: Guid(5fc0d7791b57416c9e3ca83d8bd31de8) Importer(815301076,1909f56bfc062723c751e8b465ee728b)
Start importing Assets/Scripts/Gameplay/Obstacles/EnemyShipObstacleFactory.cs using Guid(5fc0d7791b57416c9e3ca83d8bd31de8) Importer(815301076,1909f56bfc062723c751e8b465ee728b)  -> (artifact id: '0150840b7a9db8d04ac7c71e65c33378') in 0.001197 seconds
  Import took 0.002691 seconds .

========================================================================
Received Prepare
Registering precompiled user dll's ...
Registered in 0.000414 seconds.
Begin MonoManager ReloadAssembly
Native extension for WindowsStandalone target not found
Refreshing native plugins compatible for Editor in 0.17 ms, found 0 plugins.
Preloading 0 native plugins for Editor in 0.00 ms.
Invoked RoslynAnalysisRunner static constructor.
RoslynAnalysisRunner will not be running.
RoslynAnalysisRunner has terminated.
Mono: successfully reloaded assembly
- Completed reload, in  0.571 seconds
Platform modules already initialized, skipping
Refreshing native plugins compatible for Editor in 0.17 ms, found 0 plugins.
Preloading 0 native plugins for Editor in 0.00 ms.
Unloading 1129 Unused Serialized files (Serialized files now loaded: 0)
System memory in use before: 57.4 MB.
System memory in use after: 57.5 MB.

Unloading 5 unused Assets to reduce memory usage. Loaded Objects now: 1578.
Total: 1.392200 ms (FindLiveObjects: 0.125900 ms CreateObjectMapping: 0.033900 ms MarkObjects: 1.189200 ms  DeleteObjects: 0.042200 ms)

========================================================================
Received Prepare
Registering precompiled user dll's ...
Registered in 0.000362 seconds.
Begin MonoManager ReloadAssembly
Native extension for WindowsStandalone target not found
Refreshing native plugins compatible for Editor in 0.17 ms, found 0 plugins.
Preloading 0 native plugins for Editor in 0.00 ms.
Invoked RoslynAnalysisRunner static constructor.
RoslynAnalysisRunner will not be running.
RoslynAnalysisRunner has terminated.
Mono: successfully reloaded assembly
- Completed reload, in  0.584 seconds
Platform modules already initialized, skipping
Refreshing native plugins compatible for Editor in 0.17 ms, found 0 plugins.
Preloading 0 native plugins for Editor in 0.00 ms.
Unloading 1129 Unused Serialized files (Serialized files now loaded: 0)
System memory in use before: 57.5 MB.
System memory in use after: 57.6 MB.

Unloading 5 unused Assets to reduce memory usage. Loaded Objects now: 1580.
Total: 1.453800 ms (FindLiveObjects: 0.099900 ms CreateObjectMapping: 0.027000 ms MarkObjects: 1.287200 ms  DeleteObjects: 0.038900 ms)

========================================================================
Received Prepare
Registering precompiled user dll's ...
Registered in 0.000343 seconds.
Begin MonoManager ReloadAssembly
Native extension for WindowsStandalone target not found
Refreshing native plugins compatible for Editor in 0.17 ms, found 0 plugins.
Preloading 0 native plugins for Editor in 0.00 ms.
Invoked RoslynAnalysisRunner static constructor.
RoslynAnalysisRunner will not be running.
RoslynAnalysisRunner has terminated.
Mono: successfully reloaded assembly
- Completed reload, in  0.567 seconds
Platform modules already initialized, skipping
Refreshing native plugins compatible for Editor in 0.18 ms, found 0 plugins.
Preloading 0 native plugins for Editor in 0.00 ms.
Unloading 1129 Unused Serialized files (Serialized files now loaded: 0)
System memory in use before: 57.5 MB.
System memory in use after: 57.6 MB.

Unloading 5 unused Assets to reduce memory usage. Loaded Objects now: 1582.
Total: 1.445500 ms (FindLiveObjects: 0.122900 ms CreateObjectMapping: 0.031800 ms MarkObjects: 1.248200 ms  DeleteObjects: 0.041600 ms)

========================================================================
Received Prepare
Registering precompiled user dll's ...
Registered in 0.000481 seconds.
Begin MonoManager ReloadAssembly
Native extension for WindowsStandalone target not found
Refreshing native plugins compatible for Editor in 0.18 ms, found 0 plugins.
Preloading 0 native plugins for Editor in 0.00 ms.
Invoked RoslynAnalysisRunner static constructor.
RoslynAnalysisRunner will not be running.
RoslynAnalysisRunner has terminated.
Mono: successfully reloaded assembly
- Completed reload, in  0.602 seconds
Platform modules already initialized, skipping
Refreshing native plugins compatible for Editor in 0.17 ms, found 0 plugins.
Preloading 0 native plugins for Editor in 0.00 ms.
Unloading 1129 Unused Serialized files (Serialized files now loaded: 0)
System memory in use before: 57.5 MB.
System memory in use after: 57.6 MB.

Unloading 5 unused Assets to reduce memory usage. Loaded Objects now: 1584.
Total: 1.386600 ms (FindLiveObjects: 0.106000 ms CreateObjectMapping: 0.027700 ms MarkObjects: 1.208400 ms  DeleteObjects: 0.043600 ms)

========================================================================
Received Prepare
Registering precompiled user dll's ...
Registered in 0.000400 seconds.
Begin MonoManager ReloadAssembly
Native extension for WindowsStandalone target not found
Refreshing native plugins compatible for Editor in 0.17 ms, found 0 plugins.
Preloading 0 native plugins for Editor in 0.00 ms.
Invoked RoslynAnalysisRunner static constructor.
RoslynAnalysisRunner will not be running.
RoslynAnalysisRunner has terminated.
Mono: successfully reloaded assembly
- Completed reload, in  0.563 seconds
Platform modules already initialized, skipping
Refreshing native plugins compatible for Editor in 0.16 ms, found 0 plugins.
Preloading 0 native plugins for Editor in 0.00 ms.
Unloading 1129 Unused Serialized files (Serialized files now loaded: 0)
System memory in use before: 57.5 MB.
System memory in use after: 57.6 MB.

Unloading 5 unused Assets to reduce memory usage. Loaded Objects now: 1586.
Total: 5.958100 ms (FindLiveObjects: 0.372600 ms CreateObjectMapping: 0.132500 ms MarkObjects: 5.291600 ms  DeleteObjects: 0.157500 ms)

========================================================================
Received Prepare
Registering precompiled user dll's ...
Registered in 0.000360 seconds.
Begin MonoManager ReloadAssembly
Native extension for WindowsStandalone target not found
Refreshing native plugins compatible for Editor in 0.18 ms, found 0 plugins.
Preloading 0 native plugins for Editor in 0.00 ms.
Invoked RoslynAnalysisRunner static constructor.
RoslynAnalysisRunner will not be running.
RoslynAnalysisRunner has terminated.
Mono: successfully reloaded assembly
- Completed reload, in  0.568 seconds
Platform modules already initialized, skipping
Refreshing native plugins compatible for Editor in 0.17 ms, found 0 plugins.
Preloading 0 native plugins for Editor in 0.00 ms.
Unloading 1129 Unused Serialized files (Serialized files now loaded: 0)
System memory in use before: 57.5 MB.
System memory in use after: 57.6 MB.

Unloading 5 unused Assets to reduce memory usage. Loaded Objects now: 1588.
Total: 3.478700 ms (FindLiveObjects: 0.275500 ms CreateObjectMapping: 0.123900 ms MarkObjects: 2.971100 ms  DeleteObjects: 0.105800 ms)

========================================================================
Received Import Request.
  Time since last request: 384.305173 seconds.
  path: ProjectSettings/TagManager.asset
  artifactKey: Guid(00000000000000003000000000000000) Importer(815301076,1909f56bfc062723c751e8b465ee728b)
Start importing ProjectSettings/TagManager.asset using Guid(00000000000000003000000000000000) Importer(815301076,1909f56bfc062723c751e8b465ee728b)  -> (artifact id: '3feff5fae10247456117a9ccebeb351d') in 0.013561 seconds
  Import took 0.015290 seconds .

========================================================================
Received Import Request.
  Time since last request: 5.178711 seconds.
  path: ProjectSettings/TagManager.asset
  artifactKey: Guid(00000000000000003000000000000000) Importer(815301076,1909f56bfc062723c751e8b465ee728b)
Start importing ProjectSettings/TagManager.asset using Guid(00000000000000003000000000000000) Importer(815301076,1909f56bfc062723c751e8b465ee728b)  -> (artifact id: '73ec25b44a1527b2772922664e944552') in 0.001687 seconds
  Import took 0.003200 seconds .

========================================================================
Received Import Request.
  Time since last request: 33.523181 seconds.
  path: Assets/Prefabs/ObstaclePrefab.prefab
  artifactKey: Guid(0964516253e84b14a96d16af8f5e21a4) Importer(815301076,1909f56bfc062723c751e8b465ee728b)
Start importing Assets/Prefabs/ObstaclePrefab.prefab using Guid(0964516253e84b14a96d16af8f5e21a4) Importer(815301076,1909f56bfc062723c751e8b465ee728b)  -> (artifact id: '01c433329e5987ea343ad3d76168f832') in 0.057539 seconds
  Import took 0.059188 seconds .

========================================================================
Received Import Request.
  Time since last request: 2.189753 seconds.
  path: Assets/Prefabs/Projectile.prefab
  artifactKey: Guid(b949a111980651649abe4409878d283f) Importer(815301076,1909f56bfc062723c751e8b465ee728b)
Start importing Assets/Prefabs/Projectile.prefab using Guid(b949a111980651649abe4409878d283f) Importer(815301076,1909f56bfc062723c751e8b465ee728b)  -> (artifact id: '935c0f7e1a76cf999c4966acad33018f') in 0.009197 seconds
  Import took 0.010785 seconds .

========================================================================
Received Prepare
Registering precompiled user dll's ...
Registered in 0.000396 seconds.
Begin MonoManager ReloadAssembly
Native extension for WindowsStandalone target not found
Refreshing native plugins compatible for Editor in 0.17 ms, found 0 plugins.
Preloading 0 native plugins for Editor in 0.00 ms.
Invoked RoslynAnalysisRunner static constructor.
RoslynAnalysisRunner will not be running.
RoslynAnalysisRunner has terminated.
Mono: successfully reloaded assembly
- Completed reload, in  0.570 seconds
Platform modules already initialized, skipping
Refreshing native plugins compatible for Editor in 0.18 ms, found 0 plugins.
Preloading 0 native plugins for Editor in 0.00 ms.
Unloading 1129 Unused Serialized files (Serialized files now loaded: 0)
System memory in use before: 60.7 MB.
System memory in use after: 60.8 MB.

Unloading 8 unused Assets to reduce memory usage. Loaded Objects now: 1598.
Total: 1.485000 ms (FindLiveObjects: 0.101700 ms CreateObjectMapping: 0.025800 ms MarkObjects: 1.310600 ms  DeleteObjects: 0.046000 ms)

========================================================================
Received Prepare
Registering precompiled user dll's ...
Registered in 0.000390 seconds.
Begin MonoManager ReloadAssembly
Native extension for WindowsStandalone target not found
Refreshing native plugins compatible for Editor in 0.18 ms, found 0 plugins.
Preloading 0 native plugins for Editor in 0.00 ms.
Invoked RoslynAnalysisRunner static constructor.
RoslynAnalysisRunner will not be running.
RoslynAnalysisRunner has terminated.
Mono: successfully reloaded assembly
- Completed reload, in  0.570 seconds
Platform modules already initialized, skipping
Refreshing native plugins compatible for Editor in 0.17 ms, found 0 plugins.
Preloading 0 native plugins for Editor in 0.00 ms.
Unloading 1129 Unused Serialized files (Serialized files now loaded: 0)
System memory in use before: 60.7 MB.
System memory in use after: 60.8 MB.

Unloading 5 unused Assets to reduce memory usage. Loaded Objects now: 1600.
Total: 1.475600 ms (FindLiveObjects: 0.110900 ms CreateObjectMapping: 0.030100 ms MarkObjects: 1.294000 ms  DeleteObjects: 0.039600 ms)

========================================================================
Received Prepare
Registering precompiled user dll's ...
Registered in 0.000445 seconds.
Begin MonoManager ReloadAssembly
Native extension for WindowsStandalone target not found
Refreshing native plugins compatible for Editor in 0.17 ms, found 0 plugins.
Preloading 0 native plugins for Editor in 0.00 ms.
Invoked RoslynAnalysisRunner static constructor.
RoslynAnalysisRunner will not be running.
RoslynAnalysisRunner has terminated.
Mono: successfully reloaded assembly
- Completed reload, in  0.566 seconds
Platform modules already initialized, skipping
Refreshing native plugins compatible for Editor in 0.19 ms, found 0 plugins.
Preloading 0 native plugins for Editor in 0.00 ms.
Unloading 1129 Unused Serialized files (Serialized files now loaded: 0)
System memory in use before: 60.7 MB.
System memory in use after: 60.8 MB.

Unloading 5 unused Assets to reduce memory usage. Loaded Objects now: 1602.
Total: 1.628400 ms (FindLiveObjects: 0.122900 ms CreateObjectMapping: 0.028300 ms MarkObjects: 1.432300 ms  DeleteObjects: 0.044100 ms)

========================================================================
Received Prepare
Registering precompiled user dll's ...
Registered in 0.000383 seconds.
Begin MonoManager ReloadAssembly
Native extension for WindowsStandalone target not found
Refreshing native plugins compatible for Editor in 0.18 ms, found 0 plugins.
Preloading 0 native plugins for Editor in 0.00 ms.
Invoked RoslynAnalysisRunner static constructor.
RoslynAnalysisRunner will not be running.
RoslynAnalysisRunner has terminated.
Mono: successfully reloaded assembly
- Completed reload, in  0.568 seconds
Platform modules already initialized, skipping
Refreshing native plugins compatible for Editor in 0.17 ms, found 0 plugins.
Preloading 0 native plugins for Editor in 0.00 ms.
Unloading 1129 Unused Serialized files (Serialized files now loaded: 0)
System memory in use before: 60.7 MB.
System memory in use after: 60.8 MB.

Unloading 5 unused Assets to reduce memory usage. Loaded Objects now: 1604.
Total: 1.449500 ms (FindLiveObjects: 0.110900 ms CreateObjectMapping: 0.030200 ms MarkObjects: 1.268600 ms  DeleteObjects: 0.039100 ms)

========================================================================
Received Prepare
Registering precompiled user dll's ...
Registered in 0.000413 seconds.
Begin MonoManager ReloadAssembly
Native extension for WindowsStandalone target not found
Refreshing native plugins compatible for Editor in 0.19 ms, found 0 plugins.
Preloading 0 native plugins for Editor in 0.00 ms.
Invoked RoslynAnalysisRunner static constructor.
RoslynAnalysisRunner will not be running.
RoslynAnalysisRunner has terminated.
Mono: successfully reloaded assembly
- Completed reload, in  0.583 seconds
Platform modules already initialized, skipping
Refreshing native plugins compatible for Editor in 0.17 ms, found 0 plugins.
Preloading 0 native plugins for Editor in 0.00 ms.
Unloading 1129 Unused Serialized files (Serialized files now loaded: 0)
System memory in use before: 60.7 MB.
System memory in use after: 60.8 MB.

Unloading 5 unused Assets to reduce memory usage. Loaded Objects now: 1606.
Total: 1.378800 ms (FindLiveObjects: 0.123700 ms CreateObjectMapping: 0.027100 ms MarkObjects: 1.184700 ms  DeleteObjects: 0.042600 ms)

========================================================================
Received Prepare
Registering precompiled user dll's ...
Registered in 0.000341 seconds.
Begin MonoManager ReloadAssembly
Native extension for WindowsStandalone target not found
Refreshing native plugins compatible for Editor in 0.15 ms, found 0 plugins.
Preloading 0 native plugins for Editor in 0.00 ms.
Invoked RoslynAnalysisRunner static constructor.
RoslynAnalysisRunner will not be running.
RoslynAnalysisRunner has terminated.
Mono: successfully reloaded assembly
- Completed reload, in  0.551 seconds
Platform modules already initialized, skipping
Refreshing native plugins compatible for Editor in 0.17 ms, found 0 plugins.
Preloading 0 native plugins for Editor in 0.00 ms.
Unloading 1129 Unused Serialized files (Serialized files now loaded: 0)
System memory in use before: 60.7 MB.
System memory in use after: 60.8 MB.

Unloading 5 unused Assets to reduce memory usage. Loaded Objects now: 1608.
Total: 1.538800 ms (FindLiveObjects: 0.109900 ms CreateObjectMapping: 0.029400 ms MarkObjects: 1.357200 ms  DeleteObjects: 0.041500 ms)

========================================================================
Received Prepare
Registering precompiled user dll's ...
Registered in 0.000367 seconds.
Begin MonoManager ReloadAssembly
Native extension for WindowsStandalone target not found
Refreshing native plugins compatible for Editor in 0.20 ms, found 0 plugins.
Preloading 0 native plugins for Editor in 0.00 ms.
Invoked RoslynAnalysisRunner static constructor.
RoslynAnalysisRunner will not be running.
RoslynAnalysisRunner has terminated.
Mono: successfully reloaded assembly
- Completed reload, in  0.578 seconds
Platform modules already initialized, skipping
Refreshing native plugins compatible for Editor in 0.17 ms, found 0 plugins.
Preloading 0 native plugins for Editor in 0.00 ms.
Unloading 1129 Unused Serialized files (Serialized files now loaded: 0)
System memory in use before: 60.7 MB.
System memory in use after: 60.8 MB.

Unloading 5 unused Assets to reduce memory usage. Loaded Objects now: 1610.
Total: 1.338900 ms (FindLiveObjects: 0.103900 ms CreateObjectMapping: 0.026500 ms MarkObjects: 1.167300 ms  DeleteObjects: 0.040300 ms)

========================================================================
Received Prepare
Registering precompiled user dll's ...
Registered in 0.000426 seconds.
Begin MonoManager ReloadAssembly
Native extension for WindowsStandalone target not found
Refreshing native plugins compatible for Editor in 0.18 ms, found 0 plugins.
Preloading 0 native plugins for Editor in 0.00 ms.
Invoked RoslynAnalysisRunner static constructor.
RoslynAnalysisRunner will not be running.
RoslynAnalysisRunner has terminated.
Mono: successfully reloaded assembly
- Completed reload, in  0.571 seconds
Platform modules already initialized, skipping
Refreshing native plugins compatible for Editor in 0.17 ms, found 0 plugins.
Preloading 0 native plugins for Editor in 0.00 ms.
Unloading 1129 Unused Serialized files (Serialized files now loaded: 0)
System memory in use before: 60.7 MB.
System memory in use after: 60.8 MB.

Unloading 5 unused Assets to reduce memory usage. Loaded Objects now: 1612.
Total: 1.550400 ms (FindLiveObjects: 0.130100 ms CreateObjectMapping: 0.026400 ms MarkObjects: 1.348600 ms  DeleteObjects: 0.044300 ms)

========================================================================
Received Prepare
Registering precompiled user dll's ...
Registered in 0.000374 seconds.
Begin MonoManager ReloadAssembly
Native extension for WindowsStandalone target not found
Refreshing native plugins compatible for Editor in 0.17 ms, found 0 plugins.
Preloading 0 native plugins for Editor in 0.00 ms.
Invoked RoslynAnalysisRunner static constructor.
RoslynAnalysisRunner will not be running.
RoslynAnalysisRunner has terminated.
Mono: successfully reloaded assembly
- Completed reload, in  0.550 seconds
Platform modules already initialized, skipping
Refreshing native plugins compatible for Editor in 0.17 ms, found 0 plugins.
Preloading 0 native plugins for Editor in 0.00 ms.
Unloading 1129 Unused Serialized files (Serialized files now loaded: 0)
System memory in use before: 60.7 MB.
System memory in use after: 60.8 MB.

Unloading 5 unused Assets to reduce memory usage. Loaded Objects now: 1614.
Total: 1.591500 ms (FindLiveObjects: 0.103700 ms CreateObjectMapping: 0.026700 ms MarkObjects: 1.417200 ms  DeleteObjects: 0.042700 ms)

========================================================================
Received Prepare
Registering precompiled user dll's ...
Registered in 0.000374 seconds.
Begin MonoManager ReloadAssembly
Native extension for WindowsStandalone target not found
Refreshing native plugins compatible for Editor in 0.17 ms, found 0 plugins.
Preloading 0 native plugins for Editor in 0.00 ms.
Invoked RoslynAnalysisRunner static constructor.
RoslynAnalysisRunner will not be running.
RoslynAnalysisRunner has terminated.
Mono: successfully reloaded assembly
- Completed reload, in  0.544 seconds
Platform modules already initialized, skipping
Refreshing native plugins compatible for Editor in 0.17 ms, found 0 plugins.
Preloading 0 native plugins for Editor in 0.00 ms.
Unloading 1129 Unused Serialized files (Serialized files now loaded: 0)
System memory in use before: 60.7 MB.
System memory in use after: 60.8 MB.

Unloading 5 unused Assets to reduce memory usage. Loaded Objects now: 1616.
Total: 1.561500 ms (FindLiveObjects: 0.135000 ms CreateObjectMapping: 0.030400 ms MarkObjects: 1.354000 ms  DeleteObjects: 0.040900 ms)

========================================================================
Received Import Request.
  Time since last request: 199.465823 seconds.
  path: Assets/Prefabs/ObstacleShip.prefab
  artifactKey: Guid(1dd4d2bc640af6a4484df6ea0efc6115) Importer(815301076,1909f56bfc062723c751e8b465ee728b)
Start importing Assets/Prefabs/ObstacleShip.prefab using Guid(1dd4d2bc640af6a4484df6ea0efc6115) Importer(815301076,1909f56bfc062723c751e8b465ee728b)  -> (artifact id: '1ce7c41a12a1f621f18ac9227ed1a979') in 0.061570 seconds
  Import took 0.064675 seconds .

========================================================================
Received Import Request.
  Time since last request: 1.273750 seconds.
  path: Assets/Prefabs/ObstacleShip.prefab
  artifactKey: Guid(1dd4d2bc640af6a4484df6ea0efc6115) Importer(815301076,1909f56bfc062723c751e8b465ee728b)
Start importing Assets/Prefabs/ObstacleShip.prefab using Guid(1dd4d2bc640af6a4484df6ea0efc6115) Importer(815301076,1909f56bfc062723c751e8b465ee728b)  -> (artifact id: '2a4e41d920a11d3bfc0e1a6f1a99a66e') in 0.005439 seconds
  Import took 0.007218 seconds .

========================================================================
Received Prepare
Registering precompiled user dll's ...
Registered in 0.000349 seconds.
Begin MonoManager ReloadAssembly
Native extension for WindowsStandalone target not found
Refreshing native plugins compatible for Editor in 0.17 ms, found 0 plugins.
Preloading 0 native plugins for Editor in 0.00 ms.
Invoked RoslynAnalysisRunner static constructor.
RoslynAnalysisRunner will not be running.
RoslynAnalysisRunner has terminated.
Mono: successfully reloaded assembly
- Completed reload, in  0.547 seconds
Platform modules already initialized, skipping
Refreshing native plugins compatible for Editor in 0.16 ms, found 0 plugins.
Preloading 0 native plugins for Editor in 0.00 ms.
Unloading 1129 Unused Serialized files (Serialized files now loaded: 0)
System memory in use before: 60.7 MB.
System memory in use after: 60.8 MB.

Unloading 5 unused Assets to reduce memory usage. Loaded Objects now: 1619.
Total: 4.060600 ms (FindLiveObjects: 0.332200 ms CreateObjectMapping: 0.090400 ms MarkObjects: 3.509900 ms  DeleteObjects: 0.125400 ms)

========================================================================
Received Prepare
Registering precompiled user dll's ...
Registered in 0.000419 seconds.
Begin MonoManager ReloadAssembly
Native extension for WindowsStandalone target not found
Refreshing native plugins compatible for Editor in 0.17 ms, found 0 plugins.
Preloading 0 native plugins for Editor in 0.00 ms.
Invoked RoslynAnalysisRunner static constructor.
RoslynAnalysisRunner will not be running.
RoslynAnalysisRunner has terminated.
Mono: successfully reloaded assembly
- Completed reload, in  0.572 seconds
Platform modules already initialized, skipping
Refreshing native plugins compatible for Editor in 0.17 ms, found 0 plugins.
Preloading 0 native plugins for Editor in 0.00 ms.
Unloading 1129 Unused Serialized files (Serialized files now loaded: 0)
System memory in use before: 60.7 MB.
System memory in use after: 60.8 MB.

Unloading 5 unused Assets to reduce memory usage. Loaded Objects now: 1621.
Total: 1.379400 ms (FindLiveObjects: 0.115600 ms CreateObjectMapping: 0.030800 ms MarkObjects: 1.190500 ms  DeleteObjects: 0.041600 ms)

========================================================================
Received Import Request.
  Time since last request: 76.814656 seconds.
  path: Assets/Models/Animations
  artifactKey: Guid(647b679f431cf0e49bebf6291d9a0ac4) Importer(815301076,1909f56bfc062723c751e8b465ee728b)
Start importing Assets/Models/Animations using Guid(647b679f431cf0e49bebf6291d9a0ac4) Importer(815301076,1909f56bfc062723c751e8b465ee728b)  -> (artifact id: 'cc4193195a53d9fa9fbdaaf72143d09a') in 0.004972 seconds
  Import took 0.006513 seconds .

========================================================================
Received Import Request.
  Time since last request: 26.390186 seconds.
  path: Assets/Models/Animations/PlayerAnimator.controller
  artifactKey: Guid(34e6b4aa11dd52b4986afbdfaa58c9de) Importer(815301076,1909f56bfc062723c751e8b465ee728b)
Start importing Assets/Models/Animations/PlayerAnimator.controller using Guid(34e6b4aa11dd52b4986afbdfaa58c9de) Importer(815301076,1909f56bfc062723c751e8b465ee728b)  -> (artifact id: '9ca55fe149bb8a2b0fd41150f5d93f94') in 0.012844 seconds
  Import took 0.014446 seconds .

========================================================================
Received Import Request.
  Time since last request: 0.000534 seconds.
  path: Assets/Models/Animations/PlayerAnimator.controller
  artifactKey: Guid(34e6b4aa11dd52b4986afbdfaa58c9de) Importer(815301076,1909f56bfc062723c751e8b465ee728b)
Start importing Assets/Models/Animations/PlayerAnimator.controller using Guid(34e6b4aa11dd52b4986afbdfaa58c9de) Importer(815301076,1909f56bfc062723c751e8b465ee728b)  -> (artifact id: '9ca55fe149bb8a2b0fd41150f5d93f94') in 0.001414 seconds
  Import took 0.002749 seconds .

========================================================================
Received Prepare
Registering precompiled user dll's ...
Registered in 0.000370 seconds.
Begin MonoManager ReloadAssembly
Native extension for WindowsStandalone target not found
Refreshing native plugins compatible for Editor in 0.17 ms, found 0 plugins.
Preloading 0 native plugins for Editor in 0.00 ms.
Invoked RoslynAnalysisRunner static constructor.
RoslynAnalysisRunner will not be running.
RoslynAnalysisRunner has terminated.
Mono: successfully reloaded assembly
- Completed reload, in  0.564 seconds
Platform modules already initialized, skipping
Refreshing native plugins compatible for Editor in 0.17 ms, found 0 plugins.
Preloading 0 native plugins for Editor in 0.00 ms.
Unloading 1129 Unused Serialized files (Serialized files now loaded: 0)
System memory in use before: 60.7 MB.
System memory in use after: 60.8 MB.

Unloading 5 unused Assets to reduce memory usage. Loaded Objects now: 1623.
Total: 1.274900 ms (FindLiveObjects: 0.097400 ms CreateObjectMapping: 0.026400 ms MarkObjects: 1.110700 ms  DeleteObjects: 0.039600 ms)

========================================================================
Received Import Request.
  Time since last request: 166.175362 seconds.
  path: Assets/Prefabs/Player Object.prefab
  artifactKey: Guid(f416387012b131a429f1e51979307832) Importer(815301076,1909f56bfc062723c751e8b465ee728b)
Start importing Assets/Prefabs/Player Object.prefab using Guid(f416387012b131a429f1e51979307832) Importer(815301076,1909f56bfc062723c751e8b465ee728b)  -> (artifact id: 'a2f8c10100d81fd8a42cd7f30fd9defc') in 0.044325 seconds
  Import took 0.046099 seconds .

========================================================================
Received Prepare
Registering precompiled user dll's ...
Registered in 0.000346 seconds.
Begin MonoManager ReloadAssembly
Native extension for WindowsStandalone target not found
Refreshing native plugins compatible for Editor in 0.17 ms, found 0 plugins.
Preloading 0 native plugins for Editor in 0.00 ms.
Invoked RoslynAnalysisRunner static constructor.
RoslynAnalysisRunner will not be running.
RoslynAnalysisRunner has terminated.
Mono: successfully reloaded assembly
- Completed reload, in  0.561 seconds
Platform modules already initialized, skipping
Refreshing native plugins compatible for Editor in 0.17 ms, found 0 plugins.
Preloading 0 native plugins for Editor in 0.00 ms.
Unloading 1129 Unused Serialized files (Serialized files now loaded: 0)
System memory in use before: 60.8 MB.
System memory in use after: 60.9 MB.

Unloading 5 unused Assets to reduce memory usage. Loaded Objects now: 1627.
Total: 1.264600 ms (FindLiveObjects: 0.110500 ms CreateObjectMapping: 0.029300 ms MarkObjects: 1.088600 ms  DeleteObjects: 0.035500 ms)

========================================================================
Received Import Request.
  Time since last request: 68.125746 seconds.
  path: Assets/Models/Animations/Player_Idle.anim
  artifactKey: Guid(cfbed65818a4fe2469be1563c1b2749b) Importer(815301076,1909f56bfc062723c751e8b465ee728b)
Start importing Assets/Models/Animations/Player_Idle.anim using Guid(cfbed65818a4fe2469be1563c1b2749b) Importer(815301076,1909f56bfc062723c751e8b465ee728b)  -> (artifact id: '7992ea60a5ce31d6f8256b2ef4b95f79') in 0.014495 seconds
  Import took 0.017141 seconds .

========================================================================
Received Import Request.
  Time since last request: 0.000398 seconds.
  path: Assets/Models/Animations/Player_Idle.anim
  artifactKey: Guid(cfbed65818a4fe2469be1563c1b2749b) Importer(815301076,1909f56bfc062723c751e8b465ee728b)
Start importing Assets/Models/Animations/Player_Idle.anim using Guid(cfbed65818a4fe2469be1563c1b2749b) Importer(815301076,1909f56bfc062723c751e8b465ee728b)  -> (artifact id: '7992ea60a5ce31d6f8256b2ef4b95f79') in 0.001474 seconds
  Import took 0.002944 seconds .

========================================================================
Received Import Request.
  Time since last request: 12.710819 seconds.
  path: Assets/Models/Animations/PlayerAnimator.controller
  artifactKey: Guid(34e6b4aa11dd52b4986afbdfaa58c9de) Importer(815301076,1909f56bfc062723c751e8b465ee728b)
Start importing Assets/Models/Animations/PlayerAnimator.controller using Guid(34e6b4aa11dd52b4986afbdfaa58c9de) Importer(815301076,1909f56bfc062723c751e8b465ee728b)  -> (artifact id: '6e7f5a669caac7c9631e4a695b1cb696') in 0.002237 seconds
  Import took 0.003826 seconds .

========================================================================
Received Import Request.
  Time since last request: 369.030477 seconds.
  path: Assets/Models/Animations/Player Object.controller
  artifactKey: Guid(7824fabf5234ea94fa90a8ceda36c583) Importer(815301076,1909f56bfc062723c751e8b465ee728b)
Start importing Assets/Models/Animations/Player Object.controller using Guid(7824fabf5234ea94fa90a8ceda36c583) Importer(815301076,1909f56bfc062723c751e8b465ee728b)  -> (artifact id: 'ecd79bd7528e59722d8c4ff755efdf7e') in 0.002161 seconds
  Import took 0.004129 seconds .

========================================================================
Received Import Request.
  Time since last request: 1.279814 seconds.
  path: Assets/Models/Animations/Player_Idle.anim
  artifactKey: Guid(cfbed65818a4fe2469be1563c1b2749b) Importer(815301076,1909f56bfc062723c751e8b465ee728b)
Start importing Assets/Models/Animations/Player_Idle.anim using Guid(cfbed65818a4fe2469be1563c1b2749b) Importer(815301076,1909f56bfc062723c751e8b465ee728b)  -> (artifact id: '687856404316f4b90d56299a739308ae') in 0.001652 seconds
  Import took 0.003292 seconds .

========================================================================
Received Import Request.
  Time since last request: 0.015820 seconds.
  path: Assets/Models/Animations/Player_Idle.anim
  artifactKey: Guid(cfbed65818a4fe2469be1563c1b2749b) Importer(815301076,1909f56bfc062723c751e8b465ee728b)
Start importing Assets/Models/Animations/Player_Idle.anim using Guid(cfbed65818a4fe2469be1563c1b2749b) Importer(815301076,1909f56bfc062723c751e8b465ee728b)  -> (artifact id: '687856404316f4b90d56299a739308ae') in 0.001625 seconds
  Import took 0.003131 seconds .

========================================================================
Received Prepare
Registering precompiled user dll's ...
Registered in 0.000386 seconds.
Begin MonoManager ReloadAssembly
Native extension for WindowsStandalone target not found
Refreshing native plugins compatible for Editor in 0.17 ms, found 0 plugins.
Preloading 0 native plugins for Editor in 0.00 ms.
Invoked RoslynAnalysisRunner static constructor.
RoslynAnalysisRunner will not be running.
RoslynAnalysisRunner has terminated.
Mono: successfully reloaded assembly
- Completed reload, in  0.567 seconds
Platform modules already initialized, skipping
Refreshing native plugins compatible for Editor in 0.17 ms, found 0 plugins.
Preloading 0 native plugins for Editor in 0.00 ms.
Unloading 1129 Unused Serialized files (Serialized files now loaded: 0)
System memory in use before: 60.8 MB.
System memory in use after: 60.9 MB.

Unloading 5 unused Assets to reduce memory usage. Loaded Objects now: 1629.
Total: 1.342400 ms (FindLiveObjects: 0.159400 ms CreateObjectMapping: 0.028000 ms MarkObjects: 1.070600 ms  DeleteObjects: 0.083600 ms)

========================================================================
Received Import Request.
  Time since last request: 31.381845 seconds.
  path: Assets/Prefabs/Player Object.prefab
  artifactKey: Guid(f416387012b131a429f1e51979307832) Importer(815301076,1909f56bfc062723c751e8b465ee728b)
Start importing Assets/Prefabs/Player Object.prefab using Guid(f416387012b131a429f1e51979307832) Importer(815301076,1909f56bfc062723c751e8b465ee728b)  -> (artifact id: 'b66983c8d0ee9e7696dfe1ed9498c4cc') in 0.043366 seconds
  Import took 0.044962 seconds .

========================================================================
Received Import Request.
  Time since last request: 1.021133 seconds.
  path: Assets/Prefabs/Player Object.prefab
  artifactKey: Guid(f416387012b131a429f1e51979307832) Importer(815301076,1909f56bfc062723c751e8b465ee728b)
Start importing Assets/Prefabs/Player Object.prefab using Guid(f416387012b131a429f1e51979307832) Importer(815301076,1909f56bfc062723c751e8b465ee728b)  -> (artifact id: 'b66983c8d0ee9e7696dfe1ed9498c4cc') in 0.006043 seconds
  Import took 0.007851 seconds .

========================================================================
Received Prepare
Registering precompiled user dll's ...
Registered in 0.000361 seconds.
Begin MonoManager ReloadAssembly
Native extension for WindowsStandalone target not found
Refreshing native plugins compatible for Editor in 0.23 ms, found 0 plugins.
Preloading 0 native plugins for Editor in 0.00 ms.
Invoked RoslynAnalysisRunner static constructor.
RoslynAnalysisRunner will not be running.
RoslynAnalysisRunner has terminated.
Mono: successfully reloaded assembly
- Completed reload, in  0.560 seconds
Platform modules already initialized, skipping
Refreshing native plugins compatible for Editor in 0.17 ms, found 0 plugins.
Preloading 0 native plugins for Editor in 0.00 ms.
Unloading 1129 Unused Serialized files (Serialized files now loaded: 0)
System memory in use before: 60.8 MB.
System memory in use after: 60.9 MB.

Unloading 5 unused Assets to reduce memory usage. Loaded Objects now: 1632.
Total: 1.369800 ms (FindLiveObjects: 0.107200 ms CreateObjectMapping: 0.036700 ms MarkObjects: 1.186700 ms  DeleteObjects: 0.038500 ms)

========================================================================
Received Import Request.
  Time since last request: 307.084992 seconds.
  path: Assets/SimpleFX
  artifactKey: Guid(461db75aa0c15094fa6ab708a877d090) Importer(815301076,1909f56bfc062723c751e8b465ee728b)
Start importing Assets/SimpleFX using Guid(461db75aa0c15094fa6ab708a877d090) Importer(815301076,1909f56bfc062723c751e8b465ee728b)  -> (artifact id: '8bda2be7a07293d2691eb9771d7512a0') in 0.006931 seconds
  Import took 0.009103 seconds .

========================================================================
Received Import Request.
  Time since last request: 4.989924 seconds.
  path: Assets/SimpleFX/Prefabs
  artifactKey: Guid(2a2e86e5c921ff346a6cd4b6493b1919) Importer(815301076,1909f56bfc062723c751e8b465ee728b)
Start importing Assets/SimpleFX/Prefabs using Guid(2a2e86e5c921ff346a6cd4b6493b1919) Importer(815301076,1909f56bfc062723c751e8b465ee728b)  -> (artifact id: 'c7d64a1df46903ee5032e9c19fd48753') in 0.004278 seconds
  Import took 0.006011 seconds .

========================================================================
Received Import Request.
  Time since last request: 0.112873 seconds.
  path: Assets/SimpleFX/Prefabs/FX_BloodSplatter.prefab
  artifactKey: Guid(8c27aeead6d968e4ba986702d6b84335) Importer(815301076,1909f56bfc062723c751e8b465ee728b)
Start importing Assets/SimpleFX/Prefabs/FX_BloodSplatter.prefab using Guid(8c27aeead6d968e4ba986702d6b84335) Importer(815301076,1909f56bfc062723c751e8b465ee728b)  -> (artifact id: '0ee8304428af8c5b75c7355d3e7a5d66') in 0.021094 seconds
  Import took 0.022710 seconds .

========================================================================
Received Import Request.
  Time since last request: 0.000254 seconds.
  path: Assets/SimpleFX/Prefabs/FX_DirtSplatter.prefab
  artifactKey: Guid(834c99069a124aa439d5795c3579843b) Importer(815301076,1909f56bfc062723c751e8b465ee728b)
Start importing Assets/SimpleFX/Prefabs/FX_DirtSplatter.prefab using Guid(834c99069a124aa439d5795c3579843b) Importer(815301076,1909f56bfc062723c751e8b465ee728b)  -> (artifact id: 'fcc1a2544b09c58f540d339b7b1a6a7f') in 0.005610 seconds
  Import took 0.007080 seconds .

========================================================================
Received Import Request.
  Time since last request: 0.000264 seconds.
  path: Assets/SimpleFX/Prefabs/FX_Steam.prefab
  artifactKey: Guid(5b6c2f68addb63847b151f0d41a9d3b1) Importer(815301076,1909f56bfc062723c751e8b465ee728b)
Start importing Assets/SimpleFX/Prefabs/FX_Steam.prefab using Guid(5b6c2f68addb63847b151f0d41a9d3b1) Importer(815301076,1909f56bfc062723c751e8b465ee728b)  -> (artifact id: '5c4ce1c1aab0367bb5beeddb7f7ff6bc') in 0.005135 seconds
  Import took 0.006686 seconds .

========================================================================
Received Import Request.
  Time since last request: 0.000230 seconds.
  path: Assets/SimpleFX/Prefabs/FX_Fireworks_Blue_Large.prefab
  artifactKey: Guid(5702e2a6fea804b45b49b70d8feaf7ae) Importer(815301076,1909f56bfc062723c751e8b465ee728b)
Start importing Assets/SimpleFX/Prefabs/FX_Fireworks_Blue_Large.prefab using Guid(5702e2a6fea804b45b49b70d8feaf7ae) Importer(815301076,1909f56bfc062723c751e8b465ee728b)  -> (artifact id: 'c4233ced06b08aac4168ad7b2b03371d') in 0.005347 seconds
  Import took 0.008134 seconds .

========================================================================
Received Import Request.
  Time since last request: 0.000241 seconds.
  path: Assets/SimpleFX/Prefabs/FX_Fireworks_Green_Small.prefab
  artifactKey: Guid(cd4d7020429cde74db076ffa72495419) Importer(815301076,1909f56bfc062723c751e8b465ee728b)
Start importing Assets/SimpleFX/Prefabs/FX_Fireworks_Green_Small.prefab using Guid(cd4d7020429cde74db076ffa72495419) Importer(815301076,1909f56bfc062723c751e8b465ee728b)  -> (artifact id: '540ba02deca2fc074d4e1e546d71c2ee') in 0.005236 seconds
  Import took 0.006726 seconds .

========================================================================
Received Import Request.
  Time since last request: 0.000259 seconds.
  path: Assets/SimpleFX/Prefabs/FX_TireSmoke.prefab
  artifactKey: Guid(d7bf18dd20422304ea868e95c3518f19) Importer(815301076,1909f56bfc062723c751e8b465ee728b)
Start importing Assets/SimpleFX/Prefabs/FX_TireSmoke.prefab using Guid(d7bf18dd20422304ea868e95c3518f19) Importer(815301076,1909f56bfc062723c751e8b465ee728b)  -> (artifact id: '3cd81e3ec37d01ee3550c357df2342f9') in 0.005428 seconds
  Import took 0.006883 seconds .

========================================================================
Received Import Request.
  Time since last request: 0.000264 seconds.
  path: Assets/SimpleFX/Prefabs/FX_Lightray.prefab
  artifactKey: Guid(e7aa3eba36ce5d04c84a01925e585932) Importer(815301076,1909f56bfc062723c751e8b465ee728b)
Start importing Assets/SimpleFX/Prefabs/FX_Lightray.prefab using Guid(e7aa3eba36ce5d04c84a01925e585932) Importer(815301076,1909f56bfc062723c751e8b465ee728b)  -> (artifact id: '5e23a83bab42a651b4f88a6344ad70af') in 0.047583 seconds
  Import took 0.049101 seconds .

========================================================================
Received Import Request.
  Time since last request: 0.000244 seconds.
  path: Assets/SimpleFX/Prefabs/FX_GunFlash.prefab
  artifactKey: Guid(b955daae02e019d45a8fb68cfd843784) Importer(815301076,1909f56bfc062723c751e8b465ee728b)
Start importing Assets/SimpleFX/Prefabs/FX_GunFlash.prefab using Guid(b955daae02e019d45a8fb68cfd843784) Importer(815301076,1909f56bfc062723c751e8b465ee728b)  -> (artifact id: 'b8439b927f5b110b72af60fe26246199') in 0.081926 seconds
  Import took 0.083433 seconds .

========================================================================
Received Import Request.
  Time since last request: 0.000235 seconds.
  path: Assets/SimpleFX/Prefabs/FX_Fireworks_Green_Large.prefab
  artifactKey: Guid(26d069e6f78e6f8478e4dc0152bd6939) Importer(815301076,1909f56bfc062723c751e8b465ee728b)
Start importing Assets/SimpleFX/Prefabs/FX_Fireworks_Green_Large.prefab using Guid(26d069e6f78e6f8478e4dc0152bd6939) Importer(815301076,1909f56bfc062723c751e8b465ee728b)  -> (artifact id: '898556c22452f60c43d9d19f8f498c9c') in 0.005379 seconds
  Import took 0.006808 seconds .

========================================================================
Received Import Request.
  Time since last request: 0.000265 seconds.
  path: Assets/SimpleFX/Prefabs/FX_Dust_Prefab_02.prefab
  artifactKey: Guid(cd427f0dc853ec74a9ba1c5ff0e48ca2) Importer(815301076,1909f56bfc062723c751e8b465ee728b)
Start importing Assets/SimpleFX/Prefabs/FX_Dust_Prefab_02.prefab using Guid(cd427f0dc853ec74a9ba1c5ff0e48ca2) Importer(815301076,1909f56bfc062723c751e8b465ee728b)  -> (artifact id: '99be5e651561a1be387954f1ac5cc11a') in 0.005156 seconds
  Import took 0.006815 seconds .

========================================================================
Received Import Request.
  Time since last request: 0.000250 seconds.
  path: Assets/SimpleFX/Prefabs/FX_Fire.prefab
  artifactKey: Guid(756d99540142b5e4a8d174e18a6310d9) Importer(815301076,1909f56bfc062723c751e8b465ee728b)
Start importing Assets/SimpleFX/Prefabs/FX_Fire.prefab using Guid(756d99540142b5e4a8d174e18a6310d9) Importer(815301076,1909f56bfc062723c751e8b465ee728b)  -> (artifact id: 'fdf85f954d85d20a43af905a3a564b90') in 0.005157 seconds
  Import took 0.006843 seconds .

========================================================================
Received Import Request.
  Time since last request: 0.000244 seconds.
  path: Assets/SimpleFX/Prefabs/FX_WaterSplatter.prefab
  artifactKey: Guid(263867d4955e3644f9a1dfa779ab7d1e) Importer(815301076,1909f56bfc062723c751e8b465ee728b)
Start importing Assets/SimpleFX/Prefabs/FX_WaterSplatter.prefab using Guid(263867d4955e3644f9a1dfa779ab7d1e) Importer(815301076,1909f56bfc062723c751e8b465ee728b)  -> (artifact id: 'e911b5d46bf8551dd7f373841fac7db9') in 0.005298 seconds
  Import took 0.006777 seconds .

========================================================================
Received Import Request.
  Time since last request: 0.000356 seconds.
  path: Assets/SimpleFX/Prefabs/FX_Explosion_Rubble.prefab
  artifactKey: Guid(079954accd64b32419ec069129c81273) Importer(815301076,1909f56bfc062723c751e8b465ee728b)
Start importing Assets/SimpleFX/Prefabs/FX_Explosion_Rubble.prefab using Guid(079954accd64b32419ec069129c81273) Importer(815301076,1909f56bfc062723c751e8b465ee728b)  -> (artifact id: '4c0fc2893d2d1d4ddb96911dddab3683') in 0.005338 seconds
  Import took 0.006887 seconds .

========================================================================
Received Import Request.
  Time since last request: 0.000239 seconds.
  path: Assets/SimpleFX/Prefabs/FX_Rubble.prefab
  artifactKey: Guid(7904355fdf7fdcb4ebc3dca81eb5890e) Importer(815301076,1909f56bfc062723c751e8b465ee728b)
Start importing Assets/SimpleFX/Prefabs/FX_Rubble.prefab using Guid(7904355fdf7fdcb4ebc3dca81eb5890e) Importer(815301076,1909f56bfc062723c751e8b465ee728b)  -> (artifact id: '3c072798b36c2d515f12daf08dd22120') in 0.008556 seconds
  Import took 0.010019 seconds .

========================================================================
Received Import Request.
  Time since last request: 0.000237 seconds.
  path: Assets/SimpleFX/Prefabs/FX_Smoke.prefab
  artifactKey: Guid(ab1112643ee572748b01dede71158272) Importer(815301076,1909f56bfc062723c751e8b465ee728b)
Start importing Assets/SimpleFX/Prefabs/FX_Smoke.prefab using Guid(ab1112643ee572748b01dede71158272) Importer(815301076,1909f56bfc062723c751e8b465ee728b)  -> (artifact id: '94ab24d4370d53a1fd508f0a1237d8d3') in 0.004941 seconds
  Import took 0.006430 seconds .

========================================================================
Received Import Request.
  Time since last request: 0.000273 seconds.
  path: Assets/SimpleFX/Prefabs/FX_Dust_Prefab_01.prefab
  artifactKey: Guid(c83a45822d0d3f94991e76a87670125c) Importer(815301076,1909f56bfc062723c751e8b465ee728b)
Start importing Assets/SimpleFX/Prefabs/FX_Dust_Prefab_01.prefab using Guid(c83a45822d0d3f94991e76a87670125c) Importer(815301076,1909f56bfc062723c751e8b465ee728b)  -> (artifact id: '466b8a4b1c2ce73ae2cf4c48c8d88059') in 0.004780 seconds
  Import took 0.006324 seconds .

========================================================================
Received Import Request.
  Time since last request: 0.000264 seconds.
  path: Assets/SimpleFX/Prefabs/FX_Fireworks_Blue_Small .prefab
  artifactKey: Guid(6636b3078b0905e489f698a11b7a6b6b) Importer(815301076,1909f56bfc062723c751e8b465ee728b)
Start importing Assets/SimpleFX/Prefabs/FX_Fireworks_Blue_Small .prefab using Guid(6636b3078b0905e489f698a11b7a6b6b) Importer(815301076,1909f56bfc062723c751e8b465ee728b)  -> (artifact id: 'e6f7b8dd444ab76cdcef1ec20e13bb34') in 0.004666 seconds
  Import took 0.006066 seconds .

========================================================================
Received Import Request.
  Time since last request: 0.000274 seconds.
  path: Assets/SimpleFX/Prefabs/FX_Dust_Prefab_03.prefab
  artifactKey: Guid(1570b78163aaedc44bfd35cf13a9f13f) Importer(815301076,1909f56bfc062723c751e8b465ee728b)
Start importing Assets/SimpleFX/Prefabs/FX_Dust_Prefab_03.prefab using Guid(1570b78163aaedc44bfd35cf13a9f13f) Importer(815301076,1909f56bfc062723c751e8b465ee728b)  -> (artifact id: 'e516d87c64e6a11a1ade20077176f2b0') in 0.005049 seconds
  Import took 0.006485 seconds .

========================================================================
Received Import Request.
  Time since last request: 0.000264 seconds.
  path: Assets/SimpleFX/Prefabs/FX_PoolSplash_01.prefab
  artifactKey: Guid(ad879d352fd419047bdfc53b3d2a1961) Importer(815301076,1909f56bfc062723c751e8b465ee728b)
Start importing Assets/SimpleFX/Prefabs/FX_PoolSplash_01.prefab using Guid(ad879d352fd419047bdfc53b3d2a1961) Importer(815301076,1909f56bfc062723c751e8b465ee728b)  -> (artifact id: '15edd255d4c0ff5a8585af7cbb0be102') in 0.007324 seconds
  Import took 0.008787 seconds .

========================================================================
Received Import Request.
  Time since last request: 0.000242 seconds.
  path: Assets/SimpleFX/Prefabs/FX_Fireworks_Yellow_Small.prefab
  artifactKey: Guid(6586ff0f14125534cae2f5d8f04b7871) Importer(815301076,1909f56bfc062723c751e8b465ee728b)
Start importing Assets/SimpleFX/Prefabs/FX_Fireworks_Yellow_Small.prefab using Guid(6586ff0f14125534cae2f5d8f04b7871) Importer(815301076,1909f56bfc062723c751e8b465ee728b)  -> (artifact id: '2182b217e21d03a4724ecbb7657dabe3') in 0.004934 seconds
  Import took 0.006361 seconds .

========================================================================
Received Import Request.
  Time since last request: 0.000258 seconds.
  path: Assets/SimpleFX/Prefabs/FX_WaterSplash.prefab
  artifactKey: Guid(e49403f034d74ee44aa8a41b0ee4abfd) Importer(815301076,1909f56bfc062723c751e8b465ee728b)
Start importing Assets/SimpleFX/Prefabs/FX_WaterSplash.prefab using Guid(e49403f034d74ee44aa8a41b0ee4abfd) Importer(815301076,1909f56bfc062723c751e8b465ee728b)  -> (artifact id: '7754b59ad2f17587fa5b03cce3d69fda') in 0.008141 seconds
  Import took 0.009668 seconds .

========================================================================
Received Import Request.
  Time since last request: 0.000261 seconds.
  path: Assets/SimpleFX/Prefabs/FX_Fireworks_Yellow_Large.prefab
  artifactKey: Guid(0f75f6db4a318f54382e0c98b2226db8) Importer(815301076,1909f56bfc062723c751e8b465ee728b)
Start importing Assets/SimpleFX/Prefabs/FX_Fireworks_Yellow_Large.prefab using Guid(0f75f6db4a318f54382e0c98b2226db8) Importer(815301076,1909f56bfc062723c751e8b465ee728b)  -> (artifact id: 'b29e93c6148f5588f240686683cf9b0b') in 0.005059 seconds
  Import took 0.006546 seconds .

========================================================================
Received Import Request.
  Time since last request: 0.000251 seconds.
  path: Assets/SimpleFX/Prefabs/FX_FlameThrower.prefab
  artifactKey: Guid(5cd5599e01f32bd418f20a3b9eac1c57) Importer(815301076,1909f56bfc062723c751e8b465ee728b)
Start importing Assets/SimpleFX/Prefabs/FX_FlameThrower.prefab using Guid(5cd5599e01f32bd418f20a3b9eac1c57) Importer(815301076,1909f56bfc062723c751e8b465ee728b)  -> (artifact id: '3521f8a604d77415835c4faf0144c8b5') in 0.004809 seconds
  Import took 0.006227 seconds .

========================================================================
Received Import Request.
  Time since last request: 0.000250 seconds.
  path: Assets/SimpleFX/Prefabs/FX_PoolSplash_02.prefab
  artifactKey: Guid(0d37f80e5a9508346b0ec65e1917e053) Importer(815301076,1909f56bfc062723c751e8b465ee728b)
Start importing Assets/SimpleFX/Prefabs/FX_PoolSplash_02.prefab using Guid(0d37f80e5a9508346b0ec65e1917e053) Importer(815301076,1909f56bfc062723c751e8b465ee728b)  -> (artifact id: 'd38e6051eee4588e7fe767fe57586c61') in 0.007168 seconds
  Import took 0.008631 seconds .

========================================================================
Received Import Request.
  Time since last request: 0.000261 seconds.
  path: Assets/SimpleFX/Prefabs/FX_PoolSplash_03.prefab
  artifactKey: Guid(b147df4880cd0df449352ee652f14686) Importer(815301076,1909f56bfc062723c751e8b465ee728b)
Start importing Assets/SimpleFX/Prefabs/FX_PoolSplash_03.prefab using Guid(b147df4880cd0df449352ee652f14686) Importer(815301076,1909f56bfc062723c751e8b465ee728b)  -> (artifact id: '0712e4a74b301412185594c9bdd0340a') in 0.008516 seconds
  Import took 0.009921 seconds .

========================================================================
Received Import Request.
  Time since last request: 22.827423 seconds.
  path: Assets/SimpleFX/Models/FX_Rubble.fbx
  artifactKey: Guid(42e0384be8104584cbcc3a1fadaafb79) Importer(815301076,1909f56bfc062723c751e8b465ee728b)
Start importing Assets/SimpleFX/Models/FX_Rubble.fbx using Guid(42e0384be8104584cbcc3a1fadaafb79) Importer(815301076,1909f56bfc062723c751e8b465ee728b)  -> (artifact id: 'f152409a900ba72ae0908870e8e98e50') in 0.054451 seconds
  Import took 0.056270 seconds .

========================================================================
Received Import Request.
  Time since last request: 0.000213 seconds.
  path: Assets/SimpleFX/Prefabs/FX_Explosion_Rubble.prefab
  artifactKey: Guid(079954accd64b32419ec069129c81273) Importer(815301076,1909f56bfc062723c751e8b465ee728b)
Start importing Assets/SimpleFX/Prefabs/FX_Explosion_Rubble.prefab using Guid(079954accd64b32419ec069129c81273) Importer(815301076,1909f56bfc062723c751e8b465ee728b)  -> (artifact id: 'f9d783613112ec0d67f35cd232777e12') in 0.003120 seconds
  Import took 0.004843 seconds .

========================================================================
Received Import Request.
  Time since last request: 0.006319 seconds.
  path: Assets/SimpleFX/Prefabs/FX_Explosion_Rubble.prefab
  artifactKey: Guid(079954accd64b32419ec069129c81273) Importer(815301076,1909f56bfc062723c751e8b465ee728b)
Start importing Assets/SimpleFX/Prefabs/FX_Explosion_Rubble.prefab using Guid(079954accd64b32419ec069129c81273) Importer(815301076,1909f56bfc062723c751e8b465ee728b)  -> (artifact id: 'f9d783613112ec0d67f35cd232777e12') in 0.003036 seconds
  Import took 0.004695 seconds .

========================================================================
Received Import Request.
  Time since last request: 7.604280 seconds.
  path: Assets/SimpleFX/Models/FX_PoolSplash_03.fbx
  artifactKey: Guid(104d9f0364dc5e8438f4350ff7e726dd) Importer(815301076,1909f56bfc062723c751e8b465ee728b)
Start importing Assets/SimpleFX/Models/FX_PoolSplash_03.fbx using Guid(104d9f0364dc5e8438f4350ff7e726dd) Importer(815301076,1909f56bfc062723c751e8b465ee728b)  -> (artifact id: '1f1bfd4ce32a0819ea83cd9a0225906a') in 0.008531 seconds
  Import took 0.010085 seconds .

========================================================================
Received Import Request.
  Time since last request: 71.922511 seconds.
  path: Assets/Prefabs/Player Object.prefab
  artifactKey: Guid(f416387012b131a429f1e51979307832) Importer(815301076,1909f56bfc062723c751e8b465ee728b)
Start importing Assets/Prefabs/Player Object.prefab using Guid(f416387012b131a429f1e51979307832) Importer(815301076,1909f56bfc062723c751e8b465ee728b)  -> (artifact id: '00551f92eee6ee8e5df144057fb5ac39') in 0.012321 seconds
  Import took 0.014160 seconds .

========================================================================
Received Prepare
Registering precompiled user dll's ...
Registered in 0.000351 seconds.
Begin MonoManager ReloadAssembly
Native extension for WindowsStandalone target not found
Refreshing native plugins compatible for Editor in 0.17 ms, found 0 plugins.
Preloading 0 native plugins for Editor in 0.00 ms.
Invoked RoslynAnalysisRunner static constructor.
RoslynAnalysisRunner will not be running.
RoslynAnalysisRunner has terminated.
Mono: successfully reloaded assembly
- Completed reload, in  0.561 seconds
Platform modules already initialized, skipping
Refreshing native plugins compatible for Editor in 0.21 ms, found 0 plugins.
Preloading 0 native plugins for Editor in 0.00 ms.
Unloading 1130 Unused Serialized files (Serialized files now loaded: 0)
System memory in use before: 61.3 MB.
System memory in use after: 61.4 MB.

Unloading 6 unused Assets to reduce memory usage. Loaded Objects now: 1640.
Total: 1.478000 ms (FindLiveObjects: 0.173300 ms CreateObjectMapping: 0.028100 ms MarkObjects: 1.239200 ms  DeleteObjects: 0.036700 ms)

========================================================================
Received Import Request.
  Time since last request: 12.962866 seconds.
  path: Assets/SimpleFX/Models
  artifactKey: Guid(787860a28da60d84388bbb278850b5d8) Importer(815301076,1909f56bfc062723c751e8b465ee728b)
Start importing Assets/SimpleFX/Models using Guid(787860a28da60d84388bbb278850b5d8) Importer(815301076,1909f56bfc062723c751e8b465ee728b)  -> (artifact id: '1babc5d794201b30f5f13d5f8dd529ca') in 0.006065 seconds
  Import took 0.008087 seconds .

========================================================================
Received Import Request.
  Time since last request: 0.166638 seconds.
  path: Assets/SimpleFX/Models/FX_GunFlash.fbx
  artifactKey: Guid(50a5b61475aba5649a793b8d076e8681) Importer(815301076,1909f56bfc062723c751e8b465ee728b)
Start importing Assets/SimpleFX/Models/FX_GunFlash.fbx using Guid(50a5b61475aba5649a793b8d076e8681) Importer(815301076,1909f56bfc062723c751e8b465ee728b)  -> (artifact id: '520de0880048004e7c509c5dfb71248c') in 0.057665 seconds
  Import took 0.059843 seconds .

========================================================================
Received Import Request.
  Time since last request: 0.000256 seconds.
  path: Assets/SimpleFX/Models/FX_Lightray.fbx
  artifactKey: Guid(e27c39df43b866b469e491273c885c51) Importer(815301076,1909f56bfc062723c751e8b465ee728b)
Start importing Assets/SimpleFX/Models/FX_Lightray.fbx using Guid(e27c39df43b866b469e491273c885c51) Importer(815301076,1909f56bfc062723c751e8b465ee728b)  -> (artifact id: '0cc4fd1b1c61e7e8d8e837afe087818e') in 0.010514 seconds
  Import took 0.012275 seconds .

========================================================================
Received Import Request.
  Time since last request: 0.000224 seconds.
  path: Assets/SimpleFX/Models/FX_PoolSplash_02.fbx
  artifactKey: Guid(7f803617a1072ec42820168bc40edb46) Importer(815301076,1909f56bfc062723c751e8b465ee728b)
Start importing Assets/SimpleFX/Models/FX_PoolSplash_02.fbx using Guid(7f803617a1072ec42820168bc40edb46) Importer(815301076,1909f56bfc062723c751e8b465ee728b)  -> (artifact id: 'da3c276af823eb64decfd473820ddef6') in 0.009139 seconds
  Import took 0.010687 seconds .

========================================================================
Received Import Request.
  Time since last request: 0.000209 seconds.
  path: Assets/SimpleFX/Models/FX_PoolSplash_01.fbx
  artifactKey: Guid(89f5c0aef85208c47827ce19d9767acb) Importer(815301076,1909f56bfc062723c751e8b465ee728b)
Start importing Assets/SimpleFX/Models/FX_PoolSplash_01.fbx using Guid(89f5c0aef85208c47827ce19d9767acb) Importer(815301076,1909f56bfc062723c751e8b465ee728b)  -> (artifact id: '3c1e5f8c51dc5b98f041582cfb3188cb') in 0.009140 seconds
  Import took 0.010526 seconds .

========================================================================
Received Prepare
Registering precompiled user dll's ...
Registered in 0.000456 seconds.
Begin MonoManager ReloadAssembly
Native extension for WindowsStandalone target not found
Refreshing native plugins compatible for Editor in 0.18 ms, found 0 plugins.
Preloading 0 native plugins for Editor in 0.00 ms.
Invoked RoslynAnalysisRunner static constructor.
RoslynAnalysisRunner will not be running.
RoslynAnalysisRunner has terminated.
Mono: successfully reloaded assembly
- Completed reload, in  0.608 seconds
Platform modules already initialized, skipping
Refreshing native plugins compatible for Editor in 0.18 ms, found 0 plugins.
Preloading 0 native plugins for Editor in 0.00 ms.
Unloading 1129 Unused Serialized files (Serialized files now loaded: 0)
System memory in use before: 61.3 MB.
System memory in use after: 61.3 MB.

Unloading 6 unused Assets to reduce memory usage. Loaded Objects now: 1643.
Total: 1.561900 ms (FindLiveObjects: 0.116800 ms CreateObjectMapping: 0.027900 ms MarkObjects: 1.374200 ms  DeleteObjects: 0.042400 ms)

========================================================================
Received Prepare
Registering precompiled user dll's ...
Registered in 0.000343 seconds.
Begin MonoManager ReloadAssembly
Native extension for WindowsStandalone target not found
Refreshing native plugins compatible for Editor in 0.17 ms, found 0 plugins.
Preloading 0 native plugins for Editor in 0.00 ms.
Invoked RoslynAnalysisRunner static constructor.
RoslynAnalysisRunner will not be running.
RoslynAnalysisRunner has terminated.
Mono: successfully reloaded assembly
- Completed reload, in  0.564 seconds
Platform modules already initialized, skipping
Refreshing native plugins compatible for Editor in 0.18 ms, found 0 plugins.
Preloading 0 native plugins for Editor in 0.00 ms.
Unloading 1129 Unused Serialized files (Serialized files now loaded: 0)
System memory in use before: 61.3 MB.
System memory in use after: 61.3 MB.

Unloading 5 unused Assets to reduce memory usage. Loaded Objects now: 1645.
Total: 2.022500 ms (FindLiveObjects: 0.207700 ms CreateObjectMapping: 0.058600 ms MarkObjects: 1.700700 ms  DeleteObjects: 0.054300 ms)

========================================================================
Received Prepare
Registering precompiled user dll's ...
Registered in 0.000488 seconds.
Begin MonoManager ReloadAssembly
Native extension for WindowsStandalone target not found
Refreshing native plugins compatible for Editor in 0.17 ms, found 0 plugins.
Preloading 0 native plugins for Editor in 0.00 ms.
Invoked RoslynAnalysisRunner static constructor.
RoslynAnalysisRunner will not be running.
RoslynAnalysisRunner has terminated.
Mono: successfully reloaded assembly
- Completed reload, in  0.552 seconds
Platform modules already initialized, skipping
Refreshing native plugins compatible for Editor in 0.17 ms, found 0 plugins.
Preloading 0 native plugins for Editor in 0.00 ms.
Unloading 1129 Unused Serialized files (Serialized files now loaded: 0)
System memory in use before: 61.2 MB.
System memory in use after: 61.3 MB.

Unloading 5 unused Assets to reduce memory usage. Loaded Objects now: 1647.
Total: 4.450900 ms (FindLiveObjects: 0.456500 ms CreateObjectMapping: 0.123100 ms MarkObjects: 3.754300 ms  DeleteObjects: 0.113800 ms)

========================================================================
Received Prepare
Registering precompiled user dll's ...
Registered in 0.000397 seconds.
Begin MonoManager ReloadAssembly
Native extension for WindowsStandalone target not found
Refreshing native plugins compatible for Editor in 0.17 ms, found 0 plugins.
Preloading 0 native plugins for Editor in 0.00 ms.
Invoked RoslynAnalysisRunner static constructor.
RoslynAnalysisRunner will not be running.
RoslynAnalysisRunner has terminated.
Mono: successfully reloaded assembly
- Completed reload, in  0.555 seconds
Platform modules already initialized, skipping
Refreshing native plugins compatible for Editor in 0.17 ms, found 0 plugins.
Preloading 0 native plugins for Editor in 0.00 ms.
Unloading 1130 Unused Serialized files (Serialized files now loaded: 0)
System memory in use before: 61.2 MB.
System memory in use after: 61.3 MB.

Unloading 5 unused Assets to reduce memory usage. Loaded Objects now: 1650.
Total: 1.455800 ms (FindLiveObjects: 0.115700 ms CreateObjectMapping: 0.031700 ms MarkObjects: 1.271000 ms  DeleteObjects: 0.036700 ms)

========================================================================
Received Prepare
Registering precompiled user dll's ...
Registered in 0.000403 seconds.
Begin MonoManager ReloadAssembly
Native extension for WindowsStandalone target not found
Refreshing native plugins compatible for Editor in 0.19 ms, found 0 plugins.
Preloading 0 native plugins for Editor in 0.00 ms.
Invoked RoslynAnalysisRunner static constructor.
RoslynAnalysisRunner will not be running.
RoslynAnalysisRunner has terminated.
Mono: successfully reloaded assembly
- Completed reload, in  0.590 seconds
Platform modules already initialized, skipping
Refreshing native plugins compatible for Editor in 0.18 ms, found 0 plugins.
Preloading 0 native plugins for Editor in 0.00 ms.
Unloading 1130 Unused Serialized files (Serialized files now loaded: 0)
System memory in use before: 61.2 MB.
System memory in use after: 61.3 MB.

Unloading 5 unused Assets to reduce memory usage. Loaded Objects now: 1652.
Total: 1.422200 ms (FindLiveObjects: 0.137600 ms CreateObjectMapping: 0.031700 ms MarkObjects: 1.212400 ms  DeleteObjects: 0.039700 ms)

========================================================================
Received Prepare
Registering precompiled user dll's ...
Registered in 0.000376 seconds.
Begin MonoManager ReloadAssembly
Native extension for WindowsStandalone target not found
Refreshing native plugins compatible for Editor in 0.18 ms, found 0 plugins.
Preloading 0 native plugins for Editor in 0.00 ms.
Invoked RoslynAnalysisRunner static constructor.
RoslynAnalysisRunner will not be running.
RoslynAnalysisRunner has terminated.
Mono: successfully reloaded assembly
- Completed reload, in  0.564 seconds
Platform modules already initialized, skipping
Refreshing native plugins compatible for Editor in 0.17 ms, found 0 plugins.
Preloading 0 native plugins for Editor in 0.00 ms.
Unloading 1129 Unused Serialized files (Serialized files now loaded: 0)
System memory in use before: 61.2 MB.
System memory in use after: 61.3 MB.

Unloading 6 unused Assets to reduce memory usage. Loaded Objects now: 1653.
Total: 1.234600 ms (FindLiveObjects: 0.114800 ms CreateObjectMapping: 0.032900 ms MarkObjects: 1.046300 ms  DeleteObjects: 0.039700 ms)

========================================================================
Received Prepare
Registering precompiled user dll's ...
Registered in 0.000656 seconds.
Begin MonoManager ReloadAssembly
Native extension for WindowsStandalone target not found
Refreshing native plugins compatible for Editor in 0.17 ms, found 0 plugins.
Preloading 0 native plugins for Editor in 0.00 ms.
Invoked RoslynAnalysisRunner static constructor.
RoslynAnalysisRunner will not be running.
RoslynAnalysisRunner has terminated.
Mono: successfully reloaded assembly
- Completed reload, in  0.571 seconds
Platform modules already initialized, skipping
Refreshing native plugins compatible for Editor in 0.17 ms, found 0 plugins.
Preloading 0 native plugins for Editor in 0.00 ms.
Unloading 1129 Unused Serialized files (Serialized files now loaded: 0)
System memory in use before: 61.2 MB.
System memory in use after: 61.3 MB.

Unloading 5 unused Assets to reduce memory usage. Loaded Objects now: 1655.
Total: 1.393800 ms (FindLiveObjects: 0.136500 ms CreateObjectMapping: 0.039300 ms MarkObjects: 1.175400 ms  DeleteObjects: 0.041900 ms)

========================================================================
Received Prepare
Registering precompiled user dll's ...
Registered in 0.000355 seconds.
Begin MonoManager ReloadAssembly
Native extension for WindowsStandalone target not found
Refreshing native plugins compatible for Editor in 0.26 ms, found 0 plugins.
Preloading 0 native plugins for Editor in 0.00 ms.
Invoked RoslynAnalysisRunner static constructor.
RoslynAnalysisRunner will not be running.
RoslynAnalysisRunner has terminated.
Mono: successfully reloaded assembly
- Completed reload, in  0.557 seconds
Platform modules already initialized, skipping
Refreshing native plugins compatible for Editor in 0.17 ms, found 0 plugins.
Preloading 0 native plugins for Editor in 0.00 ms.
Unloading 1129 Unused Serialized files (Serialized files now loaded: 0)
System memory in use before: 61.2 MB.
System memory in use after: 61.3 MB.

Unloading 5 unused Assets to reduce memory usage. Loaded Objects now: 1657.
Total: 5.907800 ms (FindLiveObjects: 0.402400 ms CreateObjectMapping: 0.135000 ms MarkObjects: 5.259100 ms  DeleteObjects: 0.108400 ms)

========================================================================
Received Prepare
Registering precompiled user dll's ...
Registered in 0.000433 seconds.
Begin MonoManager ReloadAssembly
Native extension for WindowsStandalone target not found
Refreshing native plugins compatible for Editor in 0.18 ms, found 0 plugins.
Preloading 0 native plugins for Editor in 0.00 ms.
Invoked RoslynAnalysisRunner static constructor.
RoslynAnalysisRunner will not be running.
RoslynAnalysisRunner has terminated.
Mono: successfully reloaded assembly
- Completed reload, in  0.571 seconds
Platform modules already initialized, skipping
Refreshing native plugins compatible for Editor in 0.17 ms, found 0 plugins.
Preloading 0 native plugins for Editor in 0.00 ms.
Unloading 1129 Unused Serialized files (Serialized files now loaded: 0)
System memory in use before: 61.2 MB.
System memory in use after: 61.3 MB.

Unloading 5 unused Assets to reduce memory usage. Loaded Objects now: 1659.
Total: 2.756900 ms (FindLiveObjects: 0.207900 ms CreateObjectMapping: 0.060600 ms MarkObjects: 2.404800 ms  DeleteObjects: 0.081900 ms)

========================================================================
Received Prepare
Registering precompiled user dll's ...
Registered in 0.000333 seconds.
Begin MonoManager ReloadAssembly
Native extension for WindowsStandalone target not found
Refreshing native plugins compatible for Editor in 0.25 ms, found 0 plugins.
Preloading 0 native plugins for Editor in 0.00 ms.
Invoked RoslynAnalysisRunner static constructor.
RoslynAnalysisRunner will not be running.
RoslynAnalysisRunner has terminated.
Mono: successfully reloaded assembly
- Completed reload, in  0.573 seconds
Platform modules already initialized, skipping
Refreshing native plugins compatible for Editor in 0.17 ms, found 0 plugins.
Preloading 0 native plugins for Editor in 0.00 ms.
Unloading 1129 Unused Serialized files (Serialized files now loaded: 0)
System memory in use before: 61.2 MB.
System memory in use after: 61.3 MB.

Unloading 5 unused Assets to reduce memory usage. Loaded Objects now: 1661.
Total: 1.487100 ms (FindLiveObjects: 0.120500 ms CreateObjectMapping: 0.032300 ms MarkObjects: 1.294200 ms  DeleteObjects: 0.039400 ms)

